<?xml version="1.0" encoding="UTF-8"?>
<testsuite xmlns:xsi="http://www.w3.org/2001/XMLSchema-instance" xsi:noNamespaceSchemaLocation="https://maven.apache.org/surefire/maven-surefire-plugin/xsd/surefire-test-report.xsd" name="ssvv.example.AssignmentTest" time="0.01" tests="8" errors="0" skipped="0" failures="0">
  <properties>
[...]
</properties>
  <testcase name="testAddAssignment_DeadlineGreaterThan14" classname="ssvv.example.AssignmentTest" time="0"/>
  <testcase name="testAddAssignment_EmptyDescription" classname="ssvv.example.AssignmentTest" time="0"/>
  <testcase name="testAddAssignment_ReceiveGreaterThan14" classname="ssvv.example.AssignmentTest" time="0"/>
  <testcase name="testAddAssignment_Success" classname="ssvv.example.AssignmentTest" time="0"/>
  <testcase name="testAddAssignment_EmptyId" classname="ssvv.example.AssignmentTest" time="0.002"/>
  <testcase name="testAddAssignment_ReceiveLessThan1" classname="ssvv.example.AssignmentTest" time="0.002"/>
  <testcase name="testAddAssignment_DeadlineLessThan1" classname="ssvv.example.AssignmentTest" time="0.002"/>
  <testcase name="testAddAssignment_NullId" classname="ssvv.example.AssignmentTest" time="0.002"/>
</testsuite>